[0.079s] DEBUG:colcon:Command line arguments: ['/usr/bin/colcon', 'build', '--packages-select', 'smart_turtle_interface']
[0.079s] DEBUG:colcon:Parsed command line arguments: Namespace(log_base=None, log_level=None, verb_name='build', build_base='build', install_base='install', merge_install=False, symlink_install=False, test_result_base=None, continue_on_error=False, executor='parallel', parallel_workers=20, event_handlers=None, ignore_user_meta=False, metas=['./colcon.meta'], base_paths=['.'], packages_ignore=None, packages_ignore_regex=None, paths=None, packages_up_to=None, packages_up_to_regex=None, packages_above=None, packages_above_and_dependencies=None, packages_above_depth=None, packages_select_by_dep=None, packages_skip_by_dep=None, packages_skip_up_to=None, packages_select_build_failed=False, packages_skip_build_finished=False, packages_select_test_failures=False, packages_skip_test_passed=False, packages_select=['smart_turtle_interface'], packages_skip=None, packages_select_regex=None, packages_skip_regex=None, packages_start=None, packages_end=None, allow_overriding=[], cmake_args=None, cmake_target=None, cmake_target_skip_unavailable=False, cmake_clean_cache=False, cmake_clean_first=False, cmake_force_configure=False, ament_cmake_args=None, catkin_cmake_args=None, catkin_skip_building_tests=False, mixin_files=None, mixin=None, verb_parser=<colcon_mixin.mixin.mixin_argument.MixinArgumentDecorator object at 0x7985fb6cd870>, verb_extension=<colcon_core.verb.build.BuildVerb object at 0x7985fb6cd3c0>, main=<bound method BuildVerb.main of <colcon_core.verb.build.BuildVerb object at 0x7985fb6cd3c0>>, mixin_verb=('build',))
[0.191s] Level 1:colcon.colcon_core.package_discovery:discover_packages(colcon_meta) check parameters
[0.191s] Level 1:colcon.colcon_core.package_discovery:discover_packages(recursive) check parameters
[0.191s] Level 1:colcon.colcon_core.package_discovery:discover_packages(ignore) check parameters
[0.191s] Level 1:colcon.colcon_core.package_discovery:discover_packages(path) check parameters
[0.191s] Level 1:colcon.colcon_core.package_discovery:discover_packages(colcon_meta) discover
[0.191s] Level 1:colcon.colcon_core.package_discovery:discover_packages(recursive) discover
[0.192s] INFO:colcon.colcon_core.package_discovery:Crawling recursively for packages in '/home/sonystark/smart_turtle_ws'
[0.192s] Level 1:colcon.colcon_core.package_identification:_identify(.) by extensions ['ignore', 'ignore_ament_install']
[0.192s] Level 1:colcon.colcon_core.package_identification:_identify(.) by extension 'ignore'
[0.192s] Level 1:colcon.colcon_core.package_identification:_identify(.) by extension 'ignore_ament_install'
[0.192s] Level 1:colcon.colcon_core.package_identification:_identify(.) by extensions ['colcon_pkg']
[0.192s] Level 1:colcon.colcon_core.package_identification:_identify(.) by extension 'colcon_pkg'
[0.192s] Level 1:colcon.colcon_core.package_identification:_identify(.) by extensions ['colcon_meta']
[0.192s] Level 1:colcon.colcon_core.package_identification:_identify(.) by extension 'colcon_meta'
[0.192s] Level 1:colcon.colcon_core.package_identification:_identify(.) by extensions ['ros']
[0.192s] Level 1:colcon.colcon_core.package_identification:_identify(.) by extension 'ros'
[0.200s] Level 1:colcon.colcon_core.package_identification:_identify(.) by extensions ['cmake', 'python']
[0.200s] Level 1:colcon.colcon_core.package_identification:_identify(.) by extension 'cmake'
[0.200s] Level 1:colcon.colcon_core.package_identification:_identify(.) by extension 'python'
[0.200s] Level 1:colcon.colcon_core.package_identification:_identify(.) by extensions ['python_setup_py']
[0.200s] Level 1:colcon.colcon_core.package_identification:_identify(.) by extension 'python_setup_py'
[0.200s] Level 1:colcon.colcon_core.package_identification:_identify(build) by extensions ['ignore', 'ignore_ament_install']
[0.200s] Level 1:colcon.colcon_core.package_identification:_identify(build) by extension 'ignore'
[0.200s] Level 1:colcon.colcon_core.package_identification:_identify(build) ignored
[0.201s] Level 1:colcon.colcon_core.package_identification:_identify(install) by extensions ['ignore', 'ignore_ament_install']
[0.201s] Level 1:colcon.colcon_core.package_identification:_identify(install) by extension 'ignore'
[0.201s] Level 1:colcon.colcon_core.package_identification:_identify(install) ignored
[0.201s] Level 1:colcon.colcon_core.package_identification:_identify(log) by extensions ['ignore', 'ignore_ament_install']
[0.201s] Level 1:colcon.colcon_core.package_identification:_identify(log) by extension 'ignore'
[0.201s] Level 1:colcon.colcon_core.package_identification:_identify(log) ignored
[0.201s] Level 1:colcon.colcon_core.package_identification:_identify(src) by extensions ['ignore', 'ignore_ament_install']
[0.201s] Level 1:colcon.colcon_core.package_identification:_identify(src) by extension 'ignore'
[0.201s] Level 1:colcon.colcon_core.package_identification:_identify(src) by extension 'ignore_ament_install'
[0.201s] Level 1:colcon.colcon_core.package_identification:_identify(src) by extensions ['colcon_pkg']
[0.201s] Level 1:colcon.colcon_core.package_identification:_identify(src) by extension 'colcon_pkg'
[0.201s] Level 1:colcon.colcon_core.package_identification:_identify(src) by extensions ['colcon_meta']
[0.201s] Level 1:colcon.colcon_core.package_identification:_identify(src) by extension 'colcon_meta'
[0.201s] Level 1:colcon.colcon_core.package_identification:_identify(src) by extensions ['ros']
[0.201s] Level 1:colcon.colcon_core.package_identification:_identify(src) by extension 'ros'
[0.201s] Level 1:colcon.colcon_core.package_identification:_identify(src) by extensions ['cmake', 'python']
[0.201s] Level 1:colcon.colcon_core.package_identification:_identify(src) by extension 'cmake'
[0.201s] Level 1:colcon.colcon_core.package_identification:_identify(src) by extension 'python'
[0.201s] Level 1:colcon.colcon_core.package_identification:_identify(src) by extensions ['python_setup_py']
[0.201s] Level 1:colcon.colcon_core.package_identification:_identify(src) by extension 'python_setup_py'
[0.201s] Level 1:colcon.colcon_core.package_identification:_identify(src/smart_turtle_bringup) by extensions ['ignore', 'ignore_ament_install']
[0.201s] Level 1:colcon.colcon_core.package_identification:_identify(src/smart_turtle_bringup) by extension 'ignore'
[0.201s] Level 1:colcon.colcon_core.package_identification:_identify(src/smart_turtle_bringup) by extension 'ignore_ament_install'
[0.201s] Level 1:colcon.colcon_core.package_identification:_identify(src/smart_turtle_bringup) by extensions ['colcon_pkg']
[0.201s] Level 1:colcon.colcon_core.package_identification:_identify(src/smart_turtle_bringup) by extension 'colcon_pkg'
[0.201s] Level 1:colcon.colcon_core.package_identification:_identify(src/smart_turtle_bringup) by extensions ['colcon_meta']
[0.201s] Level 1:colcon.colcon_core.package_identification:_identify(src/smart_turtle_bringup) by extension 'colcon_meta'
[0.201s] Level 1:colcon.colcon_core.package_identification:_identify(src/smart_turtle_bringup) by extensions ['ros']
[0.201s] Level 1:colcon.colcon_core.package_identification:_identify(src/smart_turtle_bringup) by extension 'ros'
[0.203s] DEBUG:colcon.colcon_core.package_identification:Package 'src/smart_turtle_bringup' with type 'ros.ament_cmake' and name 'smart_turtle_bringup'
[0.203s] Level 1:colcon.colcon_core.package_identification:_identify(src/smart_turtle_interface) by extensions ['ignore', 'ignore_ament_install']
[0.203s] Level 1:colcon.colcon_core.package_identification:_identify(src/smart_turtle_interface) by extension 'ignore'
[0.203s] Level 1:colcon.colcon_core.package_identification:_identify(src/smart_turtle_interface) by extension 'ignore_ament_install'
[0.204s] Level 1:colcon.colcon_core.package_identification:_identify(src/smart_turtle_interface) by extensions ['colcon_pkg']
[0.204s] Level 1:colcon.colcon_core.package_identification:_identify(src/smart_turtle_interface) by extension 'colcon_pkg'
[0.204s] Level 1:colcon.colcon_core.package_identification:_identify(src/smart_turtle_interface) by extensions ['colcon_meta']
[0.204s] Level 1:colcon.colcon_core.package_identification:_identify(src/smart_turtle_interface) by extension 'colcon_meta'
[0.204s] Level 1:colcon.colcon_core.package_identification:_identify(src/smart_turtle_interface) by extensions ['ros']
[0.204s] Level 1:colcon.colcon_core.package_identification:_identify(src/smart_turtle_interface) by extension 'ros'
[0.204s] DEBUG:colcon.colcon_core.package_identification:Package 'src/smart_turtle_interface' with type 'ros.ament_cmake' and name 'smart_turtle_interface'
[0.204s] Level 1:colcon.colcon_core.package_identification:_identify(src/smart_turtle_pkg) by extensions ['ignore', 'ignore_ament_install']
[0.204s] Level 1:colcon.colcon_core.package_identification:_identify(src/smart_turtle_pkg) by extension 'ignore'
[0.204s] Level 1:colcon.colcon_core.package_identification:_identify(src/smart_turtle_pkg) by extension 'ignore_ament_install'
[0.204s] Level 1:colcon.colcon_core.package_identification:_identify(src/smart_turtle_pkg) by extensions ['colcon_pkg']
[0.204s] Level 1:colcon.colcon_core.package_identification:_identify(src/smart_turtle_pkg) by extension 'colcon_pkg'
[0.204s] Level 1:colcon.colcon_core.package_identification:_identify(src/smart_turtle_pkg) by extensions ['colcon_meta']
[0.204s] Level 1:colcon.colcon_core.package_identification:_identify(src/smart_turtle_pkg) by extension 'colcon_meta'
[0.204s] Level 1:colcon.colcon_core.package_identification:_identify(src/smart_turtle_pkg) by extensions ['ros']
[0.204s] Level 1:colcon.colcon_core.package_identification:_identify(src/smart_turtle_pkg) by extension 'ros'
[0.205s] DEBUG:colcon.colcon_core.package_identification:Package 'src/smart_turtle_pkg' with type 'ros.ament_python' and name 'smart_turtle_pkg'
[0.205s] Level 1:colcon.colcon_core.package_discovery:discover_packages(recursive) using defaults
[0.205s] Level 1:colcon.colcon_core.package_discovery:discover_packages(ignore) discover
[0.205s] Level 1:colcon.colcon_core.package_discovery:discover_packages(ignore) using defaults
[0.205s] Level 1:colcon.colcon_core.package_discovery:discover_packages(path) discover
[0.205s] Level 1:colcon.colcon_core.package_discovery:discover_packages(path) using defaults
[0.226s] INFO:colcon.colcon_core.package_selection:Skipping not selected package 'smart_turtle_bringup' in 'src/smart_turtle_bringup'
[0.226s] INFO:colcon.colcon_core.package_selection:Skipping not selected package 'smart_turtle_pkg' in 'src/smart_turtle_pkg'
[0.226s] Level 1:colcon.colcon_core.package_discovery:discover_packages(prefix_path) check parameters
[0.226s] Level 1:colcon.colcon_core.package_discovery:discover_packages(prefix_path) discover
[0.227s] DEBUG:colcon.colcon_installed_package_information.package_discovery:Found 2 installed packages in /home/sonystark/smart_turtle_ws/install
[0.228s] DEBUG:colcon.colcon_installed_package_information.package_discovery:Found 276 installed packages in /opt/ros/humble
[0.229s] Level 1:colcon.colcon_core.package_discovery:discover_packages(prefix_path) using defaults
[0.255s] Level 5:colcon.colcon_core.verb:set package 'smart_turtle_interface' build argument 'cmake_args' from command line to 'None'
[0.255s] Level 5:colcon.colcon_core.verb:set package 'smart_turtle_interface' build argument 'cmake_target' from command line to 'None'
[0.255s] Level 5:colcon.colcon_core.verb:set package 'smart_turtle_interface' build argument 'cmake_target_skip_unavailable' from command line to 'False'
[0.255s] Level 5:colcon.colcon_core.verb:set package 'smart_turtle_interface' build argument 'cmake_clean_cache' from command line to 'False'
[0.255s] Level 5:colcon.colcon_core.verb:set package 'smart_turtle_interface' build argument 'cmake_clean_first' from command line to 'False'
[0.255s] Level 5:colcon.colcon_core.verb:set package 'smart_turtle_interface' build argument 'cmake_force_configure' from command line to 'False'
[0.255s] Level 5:colcon.colcon_core.verb:set package 'smart_turtle_interface' build argument 'ament_cmake_args' from command line to 'None'
[0.255s] Level 5:colcon.colcon_core.verb:set package 'smart_turtle_interface' build argument 'catkin_cmake_args' from command line to 'None'
[0.255s] Level 5:colcon.colcon_core.verb:set package 'smart_turtle_interface' build argument 'catkin_skip_building_tests' from command line to 'False'
[0.255s] DEBUG:colcon.colcon_core.verb:Building package 'smart_turtle_interface' with the following arguments: {'ament_cmake_args': None, 'build_base': '/home/sonystark/smart_turtle_ws/build/smart_turtle_interface', 'catkin_cmake_args': None, 'catkin_skip_building_tests': False, 'cmake_args': None, 'cmake_clean_cache': False, 'cmake_clean_first': False, 'cmake_force_configure': False, 'cmake_target': None, 'cmake_target_skip_unavailable': False, 'install_base': '/home/sonystark/smart_turtle_ws/install/smart_turtle_interface', 'merge_install': False, 'path': '/home/sonystark/smart_turtle_ws/src/smart_turtle_interface', 'symlink_install': False, 'test_result_base': None}
[0.255s] INFO:colcon.colcon_core.executor:Executing jobs using 'parallel' executor
[0.256s] DEBUG:colcon.colcon_parallel_executor.executor.parallel:run_until_complete
[0.256s] INFO:colcon.colcon_ros.task.ament_cmake.build:Building ROS package in '/home/sonystark/smart_turtle_ws/src/smart_turtle_interface' with build type 'ament_cmake'
[0.257s] INFO:colcon.colcon_cmake.task.cmake.build:Building CMake package in '/home/sonystark/smart_turtle_ws/src/smart_turtle_interface'
[0.258s] INFO:colcon.colcon_core.plugin_system:Skipping extension 'colcon_core.shell.bat': Not used on non-Windows systems
[0.258s] INFO:colcon.colcon_core.shell:Skip shell extension 'powershell' for command environment: Not usable outside of PowerShell
[0.258s] DEBUG:colcon.colcon_core.shell:Skip shell extension 'dsv' for command environment
[0.264s] DEBUG:colcon.colcon_core.event_handler.log_command:Invoking command in '/home/sonystark/smart_turtle_ws/build/smart_turtle_interface': CMAKE_PREFIX_PATH=${CMAKE_PREFIX_PATH}:/home/sonystark/smart_turtle_ws/install/smart_turtle_ws:/opt/ros/humble /usr/bin/cmake --build /home/sonystark/smart_turtle_ws/build/smart_turtle_interface -- -j20 -l20
[2.543s] DEBUG:colcon.colcon_core.event_handler.log_command:Invoked command in '/home/sonystark/smart_turtle_ws/build/smart_turtle_interface' returned '0': CMAKE_PREFIX_PATH=${CMAKE_PREFIX_PATH}:/home/sonystark/smart_turtle_ws/install/smart_turtle_ws:/opt/ros/humble /usr/bin/cmake --build /home/sonystark/smart_turtle_ws/build/smart_turtle_interface -- -j20 -l20
[2.556s] DEBUG:colcon.colcon_core.event_handler.log_command:Invoking command in '/home/sonystark/smart_turtle_ws/build/smart_turtle_interface': CMAKE_PREFIX_PATH=${CMAKE_PREFIX_PATH}:/home/sonystark/smart_turtle_ws/install/smart_turtle_ws:/opt/ros/humble /usr/bin/cmake --install /home/sonystark/smart_turtle_ws/build/smart_turtle_interface
[2.616s] Level 1:colcon.colcon_core.environment:create_environment_scripts_only(smart_turtle_interface)
[2.616s] DEBUG:colcon.colcon_core.event_handler.log_command:Invoked command in '/home/sonystark/smart_turtle_ws/build/smart_turtle_interface' returned '0': CMAKE_PREFIX_PATH=${CMAKE_PREFIX_PATH}:/home/sonystark/smart_turtle_ws/install/smart_turtle_ws:/opt/ros/humble /usr/bin/cmake --install /home/sonystark/smart_turtle_ws/build/smart_turtle_interface
[2.618s] Level 1:colcon.colcon_core.environment:checking '/home/sonystark/smart_turtle_ws/install/smart_turtle_interface' for CMake module files
[2.619s] Level 1:colcon.colcon_core.environment:checking '/home/sonystark/smart_turtle_ws/install/smart_turtle_interface' for CMake config files
[2.619s] Level 1:colcon.colcon_core.shell:create_environment_hook('smart_turtle_interface', 'cmake_prefix_path')
[2.619s] INFO:colcon.colcon_core.shell:Creating environment hook '/home/sonystark/smart_turtle_ws/install/smart_turtle_interface/share/smart_turtle_interface/hook/cmake_prefix_path.ps1'
[2.620s] INFO:colcon.colcon_core.shell:Creating environment descriptor '/home/sonystark/smart_turtle_ws/install/smart_turtle_interface/share/smart_turtle_interface/hook/cmake_prefix_path.dsv'
[2.620s] INFO:colcon.colcon_core.shell:Creating environment hook '/home/sonystark/smart_turtle_ws/install/smart_turtle_interface/share/smart_turtle_interface/hook/cmake_prefix_path.sh'
[2.621s] Level 1:colcon.colcon_core.environment:checking '/home/sonystark/smart_turtle_ws/install/smart_turtle_interface/lib'
[2.621s] Level 1:colcon.colcon_core.shell:create_environment_hook('smart_turtle_interface', 'ld_library_path_lib')
[2.621s] INFO:colcon.colcon_core.shell:Creating environment hook '/home/sonystark/smart_turtle_ws/install/smart_turtle_interface/share/smart_turtle_interface/hook/ld_library_path_lib.ps1'
[2.621s] INFO:colcon.colcon_core.shell:Creating environment descriptor '/home/sonystark/smart_turtle_ws/install/smart_turtle_interface/share/smart_turtle_interface/hook/ld_library_path_lib.dsv'
[2.621s] INFO:colcon.colcon_core.shell:Creating environment hook '/home/sonystark/smart_turtle_ws/install/smart_turtle_interface/share/smart_turtle_interface/hook/ld_library_path_lib.sh'
[2.621s] Level 1:colcon.colcon_core.environment:checking '/home/sonystark/smart_turtle_ws/install/smart_turtle_interface/bin'
[2.621s] Level 1:colcon.colcon_core.environment:checking '/home/sonystark/smart_turtle_ws/install/smart_turtle_interface/lib/pkgconfig/smart_turtle_interface.pc'
[2.622s] Level 1:colcon.colcon_core.environment:checking '/home/sonystark/smart_turtle_ws/install/smart_turtle_interface/lib/python3.10/site-packages'
[2.622s] Level 1:colcon.colcon_core.environment:checking '/home/sonystark/smart_turtle_ws/install/smart_turtle_interface/bin'
[2.622s] INFO:colcon.colcon_core.shell:Creating package script '/home/sonystark/smart_turtle_ws/install/smart_turtle_interface/share/smart_turtle_interface/package.ps1'
[2.622s] INFO:colcon.colcon_core.shell:Creating package descriptor '/home/sonystark/smart_turtle_ws/install/smart_turtle_interface/share/smart_turtle_interface/package.dsv'
[2.623s] INFO:colcon.colcon_core.shell:Creating package script '/home/sonystark/smart_turtle_ws/install/smart_turtle_interface/share/smart_turtle_interface/package.sh'
[2.623s] INFO:colcon.colcon_core.shell:Creating package script '/home/sonystark/smart_turtle_ws/install/smart_turtle_interface/share/smart_turtle_interface/package.bash'
[2.623s] INFO:colcon.colcon_core.shell:Creating package script '/home/sonystark/smart_turtle_ws/install/smart_turtle_interface/share/smart_turtle_interface/package.zsh'
[2.624s] Level 1:colcon.colcon_core.environment:create_file_with_runtime_dependencies(/home/sonystark/smart_turtle_ws/install/smart_turtle_interface/share/colcon-core/packages/smart_turtle_interface)
[2.624s] Level 1:colcon.colcon_core.environment:create_environment_scripts_only(smart_turtle_interface)
[2.624s] Level 1:colcon.colcon_core.environment:checking '/home/sonystark/smart_turtle_ws/install/smart_turtle_interface' for CMake module files
[2.625s] Level 1:colcon.colcon_core.environment:checking '/home/sonystark/smart_turtle_ws/install/smart_turtle_interface' for CMake config files
[2.625s] Level 1:colcon.colcon_core.shell:create_environment_hook('smart_turtle_interface', 'cmake_prefix_path')
[2.625s] INFO:colcon.colcon_core.shell:Creating environment hook '/home/sonystark/smart_turtle_ws/install/smart_turtle_interface/share/smart_turtle_interface/hook/cmake_prefix_path.ps1'
[2.625s] INFO:colcon.colcon_core.shell:Creating environment descriptor '/home/sonystark/smart_turtle_ws/install/smart_turtle_interface/share/smart_turtle_interface/hook/cmake_prefix_path.dsv'
[2.625s] INFO:colcon.colcon_core.shell:Creating environment hook '/home/sonystark/smart_turtle_ws/install/smart_turtle_interface/share/smart_turtle_interface/hook/cmake_prefix_path.sh'
[2.626s] Level 1:colcon.colcon_core.environment:checking '/home/sonystark/smart_turtle_ws/install/smart_turtle_interface/lib'
[2.626s] Level 1:colcon.colcon_core.shell:create_environment_hook('smart_turtle_interface', 'ld_library_path_lib')
[2.626s] INFO:colcon.colcon_core.shell:Creating environment hook '/home/sonystark/smart_turtle_ws/install/smart_turtle_interface/share/smart_turtle_interface/hook/ld_library_path_lib.ps1'
[2.626s] INFO:colcon.colcon_core.shell:Creating environment descriptor '/home/sonystark/smart_turtle_ws/install/smart_turtle_interface/share/smart_turtle_interface/hook/ld_library_path_lib.dsv'
[2.626s] INFO:colcon.colcon_core.shell:Creating environment hook '/home/sonystark/smart_turtle_ws/install/smart_turtle_interface/share/smart_turtle_interface/hook/ld_library_path_lib.sh'
[2.626s] Level 1:colcon.colcon_core.environment:checking '/home/sonystark/smart_turtle_ws/install/smart_turtle_interface/bin'
[2.626s] Level 1:colcon.colcon_core.environment:checking '/home/sonystark/smart_turtle_ws/install/smart_turtle_interface/lib/pkgconfig/smart_turtle_interface.pc'
[2.627s] Level 1:colcon.colcon_core.environment:checking '/home/sonystark/smart_turtle_ws/install/smart_turtle_interface/lib/python3.10/site-packages'
[2.627s] Level 1:colcon.colcon_core.environment:checking '/home/sonystark/smart_turtle_ws/install/smart_turtle_interface/bin'
[2.627s] INFO:colcon.colcon_core.shell:Creating package script '/home/sonystark/smart_turtle_ws/install/smart_turtle_interface/share/smart_turtle_interface/package.ps1'
[2.627s] INFO:colcon.colcon_core.shell:Creating package descriptor '/home/sonystark/smart_turtle_ws/install/smart_turtle_interface/share/smart_turtle_interface/package.dsv'
[2.628s] INFO:colcon.colcon_core.shell:Creating package script '/home/sonystark/smart_turtle_ws/install/smart_turtle_interface/share/smart_turtle_interface/package.sh'
[2.628s] INFO:colcon.colcon_core.shell:Creating package script '/home/sonystark/smart_turtle_ws/install/smart_turtle_interface/share/smart_turtle_interface/package.bash'
[2.628s] INFO:colcon.colcon_core.shell:Creating package script '/home/sonystark/smart_turtle_ws/install/smart_turtle_interface/share/smart_turtle_interface/package.zsh'
[2.628s] Level 1:colcon.colcon_core.environment:create_file_with_runtime_dependencies(/home/sonystark/smart_turtle_ws/install/smart_turtle_interface/share/colcon-core/packages/smart_turtle_interface)
[2.628s] DEBUG:colcon.colcon_parallel_executor.executor.parallel:closing loop
[2.629s] DEBUG:colcon.colcon_parallel_executor.executor.parallel:loop closed
[2.629s] DEBUG:colcon.colcon_parallel_executor.executor.parallel:run_until_complete finished with '0'
[2.629s] DEBUG:colcon.colcon_core.event_reactor:joining thread
[2.632s] INFO:colcon.colcon_core.plugin_system:Skipping extension 'colcon_notification.desktop_notification.terminal_notifier': Not used on non-Darwin systems
[2.632s] INFO:colcon.colcon_core.plugin_system:Skipping extension 'colcon_notification.desktop_notification.win32': Not used on non-Windows systems
[2.632s] INFO:colcon.colcon_notification.desktop_notification:Sending desktop notification using 'notify2'
[2.638s] DEBUG:colcon.colcon_core.event_reactor:joined thread
[2.638s] INFO:colcon.colcon_core.shell:Creating prefix script '/home/sonystark/smart_turtle_ws/install/local_setup.ps1'
[2.638s] INFO:colcon.colcon_core.shell:Creating prefix util module '/home/sonystark/smart_turtle_ws/install/_local_setup_util_ps1.py'
[2.639s] INFO:colcon.colcon_core.shell:Creating prefix chain script '/home/sonystark/smart_turtle_ws/install/setup.ps1'
[2.640s] INFO:colcon.colcon_core.shell:Creating prefix script '/home/sonystark/smart_turtle_ws/install/local_setup.sh'
[2.640s] INFO:colcon.colcon_core.shell:Creating prefix util module '/home/sonystark/smart_turtle_ws/install/_local_setup_util_sh.py'
[2.641s] INFO:colcon.colcon_core.shell:Creating prefix chain script '/home/sonystark/smart_turtle_ws/install/setup.sh'
[2.641s] INFO:colcon.colcon_core.shell:Creating prefix script '/home/sonystark/smart_turtle_ws/install/local_setup.bash'
[2.642s] INFO:colcon.colcon_core.shell:Creating prefix chain script '/home/sonystark/smart_turtle_ws/install/setup.bash'
[2.642s] INFO:colcon.colcon_core.shell:Creating prefix script '/home/sonystark/smart_turtle_ws/install/local_setup.zsh'
[2.642s] INFO:colcon.colcon_core.shell:Creating prefix chain script '/home/sonystark/smart_turtle_ws/install/setup.zsh'
