[0.010s] Invoking command in '/home/sonystark/smart_turtle_ws/build/smart_turtle_interface': CMAKE_PREFIX_PATH=/home/sonystark/smart_turtle_ws/install/smart_turtle_ws:/opt/ros/humble /usr/bin/cmake /home/sonystark/smart_turtle_ws/src/smart_turtle_interface -DCMAKE_INSTALL_PREFIX=/home/sonystark/smart_turtle_ws/install/smart_turtle_interface
[0.107s] -- The C compiler identification is GNU 11.4.0
[0.193s] -- The CXX compiler identification is GNU 11.4.0
[0.204s] -- Detecting C compiler ABI info
[0.299s] -- Detecting C compiler ABI info - done
[0.307s] -- Check for working C compiler: /usr/bin/cc - skipped
[0.316s] -- Detecting C compile features
[0.316s] -- Detecting C compile features - done
[0.320s] -- Detecting CXX compiler ABI info
[0.406s] -- Detecting CXX compiler ABI info - done
[0.412s] -- Check for working CXX compiler: /usr/bin/c++ - skipped
[0.412s] -- Detecting CXX compile features
[0.413s] -- Detecting CXX compile features - done
[0.416s] -- Found ament_cmake: 1.3.12 (/opt/ros/humble/share/ament_cmake/cmake)
[0.541s] -- Found Python3: /usr/bin/python3 (found version "3.10.12") found components: Interpreter 
[0.623s] -- Found ament_lint_auto: 0.12.14 (/opt/ros/humble/share/ament_lint_auto/cmake)
[0.678s] -- Added test 'lint_cmake' to check CMake code style
[0.679s] -- Added test 'xmllint' to check XML markup files
[0.680s] -- Configuring done
[0.682s] -- Generating done
[0.683s] -- Build files have been written to: /home/sonystark/smart_turtle_ws/build/smart_turtle_interface
[0.686s] Invoked command in '/home/sonystark/smart_turtle_ws/build/smart_turtle_interface' returned '0': CMAKE_PREFIX_PATH=/home/sonystark/smart_turtle_ws/install/smart_turtle_ws:/opt/ros/humble /usr/bin/cmake /home/sonystark/smart_turtle_ws/src/smart_turtle_interface -DCMAKE_INSTALL_PREFIX=/home/sonystark/smart_turtle_ws/install/smart_turtle_interface
[0.687s] Invoking command in '/home/sonystark/smart_turtle_ws/build/smart_turtle_interface': CMAKE_PREFIX_PATH=/home/sonystark/smart_turtle_ws/install/smart_turtle_ws:/opt/ros/humble /usr/bin/cmake --build /home/sonystark/smart_turtle_ws/build/smart_turtle_interface -- -j20 -l20
[0.728s] Invoked command in '/home/sonystark/smart_turtle_ws/build/smart_turtle_interface' returned '0': CMAKE_PREFIX_PATH=/home/sonystark/smart_turtle_ws/install/smart_turtle_ws:/opt/ros/humble /usr/bin/cmake --build /home/sonystark/smart_turtle_ws/build/smart_turtle_interface -- -j20 -l20
[0.742s] Invoking command in '/home/sonystark/smart_turtle_ws/build/smart_turtle_interface': CMAKE_PREFIX_PATH=/home/sonystark/smart_turtle_ws/install/smart_turtle_ws:/opt/ros/humble /usr/bin/cmake --install /home/sonystark/smart_turtle_ws/build/smart_turtle_interface
[0.751s] -- Install configuration: ""
[0.751s] -- Installing: /home/sonystark/smart_turtle_ws/install/smart_turtle_interface/share/ament_index/resource_index/package_run_dependencies/smart_turtle_interface
[0.751s] -- Installing: /home/sonystark/smart_turtle_ws/install/smart_turtle_interface/share/ament_index/resource_index/parent_prefix_path/smart_turtle_interface
[0.751s] -- Installing: /home/sonystark/smart_turtle_ws/install/smart_turtle_interface/share/smart_turtle_interface/environment/ament_prefix_path.sh
[0.751s] -- Installing: /home/sonystark/smart_turtle_ws/install/smart_turtle_interface/share/smart_turtle_interface/environment/ament_prefix_path.dsv
[0.751s] -- Installing: /home/sonystark/smart_turtle_ws/install/smart_turtle_interface/share/smart_turtle_interface/environment/path.sh
[0.751s] -- Installing: /home/sonystark/smart_turtle_ws/install/smart_turtle_interface/share/smart_turtle_interface/environment/path.dsv
[0.752s] -- Installing: /home/sonystark/smart_turtle_ws/install/smart_turtle_interface/share/smart_turtle_interface/local_setup.bash
[0.752s] -- Installing: /home/sonystark/smart_turtle_ws/install/smart_turtle_interface/share/smart_turtle_interface/local_setup.sh
[0.752s] -- Installing: /home/sonystark/smart_turtle_ws/install/smart_turtle_interface/share/smart_turtle_interface/local_setup.zsh
[0.752s] -- Installing: /home/sonystark/smart_turtle_ws/install/smart_turtle_interface/share/smart_turtle_interface/local_setup.dsv
[0.752s] -- Installing: /home/sonystark/smart_turtle_ws/install/smart_turtle_interface/share/smart_turtle_interface/package.dsv
[0.752s] -- Installing: /home/sonystark/smart_turtle_ws/install/smart_turtle_interface/share/ament_index/resource_index/packages/smart_turtle_interface
[0.752s] -- Installing: /home/sonystark/smart_turtle_ws/install/smart_turtle_interface/share/smart_turtle_interface/cmake/smart_turtle_interfaceConfig.cmake
[0.752s] -- Installing: /home/sonystark/smart_turtle_ws/install/smart_turtle_interface/share/smart_turtle_interface/cmake/smart_turtle_interfaceConfig-version.cmake
[0.752s] -- Installing: /home/sonystark/smart_turtle_ws/install/smart_turtle_interface/share/smart_turtle_interface/package.xml
[0.755s] Invoked command in '/home/sonystark/smart_turtle_ws/build/smart_turtle_interface' returned '0': CMAKE_PREFIX_PATH=/home/sonystark/smart_turtle_ws/install/smart_turtle_ws:/opt/ros/humble /usr/bin/cmake --install /home/sonystark/smart_turtle_ws/build/smart_turtle_interface
