running egg_info
creating ../../build/smart_turtle_ws/smart_turtle_ws.egg-info
writing ../../build/smart_turtle_ws/smart_turtle_ws.egg-info/PKG-INFO
writing dependency_links to ../../build/smart_turtle_ws/smart_turtle_ws.egg-info/dependency_links.txt
writing entry points to ../../build/smart_turtle_ws/smart_turtle_ws.egg-info/entry_points.txt
writing requirements to ../../build/smart_turtle_ws/smart_turtle_ws.egg-info/requires.txt
writing top-level names to ../../build/smart_turtle_ws/smart_turtle_ws.egg-info/top_level.txt
writing manifest file '../../build/smart_turtle_ws/smart_turtle_ws.egg-info/SOURCES.txt'
reading manifest file '../../build/smart_turtle_ws/smart_turtle_ws.egg-info/SOURCES.txt'
writing manifest file '../../build/smart_turtle_ws/smart_turtle_ws.egg-info/SOURCES.txt'
running build
running build_py
creating /home/sonystark/smart_turtle_ws/build/smart_turtle_ws/build
creating /home/sonystark/smart_turtle_ws/build/smart_turtle_ws/build/lib
creating /home/sonystark/smart_turtle_ws/build/smart_turtle_ws/build/lib/smart_turtle_ws
copying smart_turtle_ws/__init__.py -> /home/sonystark/smart_turtle_ws/build/smart_turtle_ws/build/lib/smart_turtle_ws
running install
running install_lib
creating /home/sonystark/smart_turtle_ws/install/smart_turtle_ws/lib/python3.10/site-packages/smart_turtle_ws
copying /home/sonystark/smart_turtle_ws/build/smart_turtle_ws/build/lib/smart_turtle_ws/__init__.py -> /home/sonystark/smart_turtle_ws/install/smart_turtle_ws/lib/python3.10/site-packages/smart_turtle_ws
byte-compiling /home/sonystark/smart_turtle_ws/install/smart_turtle_ws/lib/python3.10/site-packages/smart_turtle_ws/__init__.py to __init__.cpython-310.pyc
running install_data
creating /home/sonystark/smart_turtle_ws/install/smart_turtle_ws/share/ament_index
creating /home/sonystark/smart_turtle_ws/install/smart_turtle_ws/share/ament_index/resource_index
creating /home/sonystark/smart_turtle_ws/install/smart_turtle_ws/share/ament_index/resource_index/packages
copying resource/smart_turtle_ws -> /home/sonystark/smart_turtle_ws/install/smart_turtle_ws/share/ament_index/resource_index/packages
copying package.xml -> /home/sonystark/smart_turtle_ws/install/smart_turtle_ws/share/smart_turtle_ws
running install_egg_info
Copying ../../build/smart_turtle_ws/smart_turtle_ws.egg-info to /home/sonystark/smart_turtle_ws/install/smart_turtle_ws/lib/python3.10/site-packages/smart_turtle_ws-0.0.0-py3.10.egg-info
running install_scripts
writing list of installed files to '/home/sonystark/smart_turtle_ws/build/smart_turtle_ws/install.log'
