[0.101s] DEBUG:colcon:Command line arguments: ['/usr/bin/colcon', 'build']
[0.101s] DEBUG:colcon:Parsed command line arguments: Namespace(log_base=None, log_level=None, verb_name='build', build_base='build', install_base='install', merge_install=False, symlink_install=False, test_result_base=None, continue_on_error=False, executor='parallel', parallel_workers=20, event_handlers=None, ignore_user_meta=False, metas=['./colcon.meta'], base_paths=['.'], packages_ignore=None, packages_ignore_regex=None, paths=None, packages_up_to=None, packages_up_to_regex=None, packages_above=None, packages_above_and_dependencies=None, packages_above_depth=None, packages_select_by_dep=None, packages_skip_by_dep=None, packages_skip_up_to=None, packages_select_build_failed=False, packages_skip_build_finished=False, packages_select_test_failures=False, packages_skip_test_passed=False, packages_select=None, packages_skip=None, packages_select_regex=None, packages_skip_regex=None, packages_start=None, packages_end=None, allow_overriding=[], cmake_args=None, cmake_target=None, cmake_target_skip_unavailable=False, cmake_clean_cache=False, cmake_clean_first=False, cmake_force_configure=False, ament_cmake_args=None, catkin_cmake_args=None, catkin_skip_building_tests=False, mixin_files=None, mixin=None, verb_parser=<colcon_mixin.mixin.mixin_argument.MixinArgumentDecorator object at 0x72c49cf61600>, verb_extension=<colcon_core.verb.build.BuildVerb object at 0x72c49cf61150>, main=<bound method BuildVerb.main of <colcon_core.verb.build.BuildVerb object at 0x72c49cf61150>>, mixin_verb=('build',))
[0.211s] Level 1:colcon.colcon_core.package_discovery:discover_packages(colcon_meta) check parameters
[0.211s] Level 1:colcon.colcon_core.package_discovery:discover_packages(recursive) check parameters
[0.211s] Level 1:colcon.colcon_core.package_discovery:discover_packages(ignore) check parameters
[0.211s] Level 1:colcon.colcon_core.package_discovery:discover_packages(path) check parameters
[0.211s] Level 1:colcon.colcon_core.package_discovery:discover_packages(colcon_meta) discover
[0.211s] Level 1:colcon.colcon_core.package_discovery:discover_packages(recursive) discover
[0.211s] INFO:colcon.colcon_core.package_discovery:Crawling recursively for packages in '/home/sonystark/smart_turtle_ws'
[0.211s] Level 1:colcon.colcon_core.package_identification:_identify(.) by extensions ['ignore', 'ignore_ament_install']
[0.211s] Level 1:colcon.colcon_core.package_identification:_identify(.) by extension 'ignore'
[0.212s] Level 1:colcon.colcon_core.package_identification:_identify(.) by extension 'ignore_ament_install'
[0.212s] Level 1:colcon.colcon_core.package_identification:_identify(.) by extensions ['colcon_pkg']
[0.212s] Level 1:colcon.colcon_core.package_identification:_identify(.) by extension 'colcon_pkg'
[0.212s] Level 1:colcon.colcon_core.package_identification:_identify(.) by extensions ['colcon_meta']
[0.212s] Level 1:colcon.colcon_core.package_identification:_identify(.) by extension 'colcon_meta'
[0.212s] Level 1:colcon.colcon_core.package_identification:_identify(.) by extensions ['ros']
[0.212s] Level 1:colcon.colcon_core.package_identification:_identify(.) by extension 'ros'
[0.220s] Level 1:colcon.colcon_core.package_identification:_identify(.) by extensions ['cmake', 'python']
[0.220s] Level 1:colcon.colcon_core.package_identification:_identify(.) by extension 'cmake'
[0.220s] Level 1:colcon.colcon_core.package_identification:_identify(.) by extension 'python'
[0.220s] Level 1:colcon.colcon_core.package_identification:_identify(.) by extensions ['python_setup_py']
[0.220s] Level 1:colcon.colcon_core.package_identification:_identify(.) by extension 'python_setup_py'
[0.220s] Level 1:colcon.colcon_core.package_identification:_identify(build) by extensions ['ignore', 'ignore_ament_install']
[0.220s] Level 1:colcon.colcon_core.package_identification:_identify(build) by extension 'ignore'
[0.220s] Level 1:colcon.colcon_core.package_identification:_identify(build) ignored
[0.220s] Level 1:colcon.colcon_core.package_identification:_identify(install) by extensions ['ignore', 'ignore_ament_install']
[0.220s] Level 1:colcon.colcon_core.package_identification:_identify(install) by extension 'ignore'
[0.220s] Level 1:colcon.colcon_core.package_identification:_identify(install) ignored
[0.220s] Level 1:colcon.colcon_core.package_identification:_identify(log) by extensions ['ignore', 'ignore_ament_install']
[0.221s] Level 1:colcon.colcon_core.package_identification:_identify(log) by extension 'ignore'
[0.221s] Level 1:colcon.colcon_core.package_identification:_identify(log) ignored
[0.221s] Level 1:colcon.colcon_core.package_identification:_identify(src) by extensions ['ignore', 'ignore_ament_install']
[0.221s] Level 1:colcon.colcon_core.package_identification:_identify(src) by extension 'ignore'
[0.221s] Level 1:colcon.colcon_core.package_identification:_identify(src) by extension 'ignore_ament_install'
[0.221s] Level 1:colcon.colcon_core.package_identification:_identify(src) by extensions ['colcon_pkg']
[0.221s] Level 1:colcon.colcon_core.package_identification:_identify(src) by extension 'colcon_pkg'
[0.221s] Level 1:colcon.colcon_core.package_identification:_identify(src) by extensions ['colcon_meta']
[0.221s] Level 1:colcon.colcon_core.package_identification:_identify(src) by extension 'colcon_meta'
[0.221s] Level 1:colcon.colcon_core.package_identification:_identify(src) by extensions ['ros']
[0.221s] Level 1:colcon.colcon_core.package_identification:_identify(src) by extension 'ros'
[0.221s] Level 1:colcon.colcon_core.package_identification:_identify(src) by extensions ['cmake', 'python']
[0.221s] Level 1:colcon.colcon_core.package_identification:_identify(src) by extension 'cmake'
[0.221s] Level 1:colcon.colcon_core.package_identification:_identify(src) by extension 'python'
[0.221s] Level 1:colcon.colcon_core.package_identification:_identify(src) by extensions ['python_setup_py']
[0.221s] Level 1:colcon.colcon_core.package_identification:_identify(src) by extension 'python_setup_py'
[0.221s] Level 1:colcon.colcon_core.package_identification:_identify(src/smart_turtle_ws) by extensions ['ignore', 'ignore_ament_install']
[0.221s] Level 1:colcon.colcon_core.package_identification:_identify(src/smart_turtle_ws) by extension 'ignore'
[0.221s] Level 1:colcon.colcon_core.package_identification:_identify(src/smart_turtle_ws) by extension 'ignore_ament_install'
[0.221s] Level 1:colcon.colcon_core.package_identification:_identify(src/smart_turtle_ws) by extensions ['colcon_pkg']
[0.221s] Level 1:colcon.colcon_core.package_identification:_identify(src/smart_turtle_ws) by extension 'colcon_pkg'
[0.221s] Level 1:colcon.colcon_core.package_identification:_identify(src/smart_turtle_ws) by extensions ['colcon_meta']
[0.221s] Level 1:colcon.colcon_core.package_identification:_identify(src/smart_turtle_ws) by extension 'colcon_meta'
[0.221s] Level 1:colcon.colcon_core.package_identification:_identify(src/smart_turtle_ws) by extensions ['ros']
[0.221s] Level 1:colcon.colcon_core.package_identification:_identify(src/smart_turtle_ws) by extension 'ros'
[0.223s] DEBUG:colcon.colcon_core.package_identification:Package 'src/smart_turtle_ws' with type 'ros.ament_python' and name 'smart_turtle_ws'
[0.223s] Level 1:colcon.colcon_core.package_discovery:discover_packages(recursive) using defaults
[0.223s] Level 1:colcon.colcon_core.package_discovery:discover_packages(ignore) discover
[0.223s] Level 1:colcon.colcon_core.package_discovery:discover_packages(ignore) using defaults
[0.223s] Level 1:colcon.colcon_core.package_discovery:discover_packages(path) discover
[0.223s] Level 1:colcon.colcon_core.package_discovery:discover_packages(path) using defaults
[0.248s] Level 1:colcon.colcon_core.package_discovery:discover_packages(prefix_path) check parameters
[0.248s] Level 1:colcon.colcon_core.package_discovery:discover_packages(prefix_path) discover
[0.253s] DEBUG:colcon.colcon_installed_package_information.package_discovery:Found 276 installed packages in /opt/ros/humble
[0.254s] Level 1:colcon.colcon_core.package_discovery:discover_packages(prefix_path) using defaults
[0.282s] Level 5:colcon.colcon_core.verb:set package 'smart_turtle_ws' build argument 'cmake_args' from command line to 'None'
[0.282s] Level 5:colcon.colcon_core.verb:set package 'smart_turtle_ws' build argument 'cmake_target' from command line to 'None'
[0.282s] Level 5:colcon.colcon_core.verb:set package 'smart_turtle_ws' build argument 'cmake_target_skip_unavailable' from command line to 'False'
[0.282s] Level 5:colcon.colcon_core.verb:set package 'smart_turtle_ws' build argument 'cmake_clean_cache' from command line to 'False'
[0.282s] Level 5:colcon.colcon_core.verb:set package 'smart_turtle_ws' build argument 'cmake_clean_first' from command line to 'False'
[0.282s] Level 5:colcon.colcon_core.verb:set package 'smart_turtle_ws' build argument 'cmake_force_configure' from command line to 'False'
[0.282s] Level 5:colcon.colcon_core.verb:set package 'smart_turtle_ws' build argument 'ament_cmake_args' from command line to 'None'
[0.282s] Level 5:colcon.colcon_core.verb:set package 'smart_turtle_ws' build argument 'catkin_cmake_args' from command line to 'None'
[0.282s] Level 5:colcon.colcon_core.verb:set package 'smart_turtle_ws' build argument 'catkin_skip_building_tests' from command line to 'False'
[0.282s] DEBUG:colcon.colcon_core.verb:Building package 'smart_turtle_ws' with the following arguments: {'ament_cmake_args': None, 'build_base': '/home/sonystark/smart_turtle_ws/build/smart_turtle_ws', 'catkin_cmake_args': None, 'catkin_skip_building_tests': False, 'cmake_args': None, 'cmake_clean_cache': False, 'cmake_clean_first': False, 'cmake_force_configure': False, 'cmake_target': None, 'cmake_target_skip_unavailable': False, 'install_base': '/home/sonystark/smart_turtle_ws/install/smart_turtle_ws', 'merge_install': False, 'path': '/home/sonystark/smart_turtle_ws/src/smart_turtle_ws', 'symlink_install': False, 'test_result_base': None}
[0.282s] INFO:colcon.colcon_core.executor:Executing jobs using 'parallel' executor
[0.283s] DEBUG:colcon.colcon_parallel_executor.executor.parallel:run_until_complete
[0.283s] INFO:colcon.colcon_ros.task.ament_python.build:Building ROS package in '/home/sonystark/smart_turtle_ws/src/smart_turtle_ws' with build type 'ament_python'
[0.283s] Level 1:colcon.colcon_core.shell:create_environment_hook('smart_turtle_ws', 'ament_prefix_path')
[0.286s] INFO:colcon.colcon_core.plugin_system:Skipping extension 'colcon_core.shell.bat': Not used on non-Windows systems
[0.286s] INFO:colcon.colcon_core.shell:Creating environment hook '/home/sonystark/smart_turtle_ws/install/smart_turtle_ws/share/smart_turtle_ws/hook/ament_prefix_path.ps1'
[0.287s] INFO:colcon.colcon_core.shell:Creating environment descriptor '/home/sonystark/smart_turtle_ws/install/smart_turtle_ws/share/smart_turtle_ws/hook/ament_prefix_path.dsv'
[0.287s] INFO:colcon.colcon_core.shell:Creating environment hook '/home/sonystark/smart_turtle_ws/install/smart_turtle_ws/share/smart_turtle_ws/hook/ament_prefix_path.sh'
[0.288s] INFO:colcon.colcon_core.shell:Skip shell extension 'powershell' for command environment: Not usable outside of PowerShell
[0.288s] DEBUG:colcon.colcon_core.shell:Skip shell extension 'dsv' for command environment
[0.471s] INFO:colcon.colcon_core.task.python.build:Building Python package in '/home/sonystark/smart_turtle_ws/src/smart_turtle_ws'
[0.471s] INFO:colcon.colcon_core.shell:Skip shell extension 'powershell' for command environment: Not usable outside of PowerShell
[0.471s] DEBUG:colcon.colcon_core.shell:Skip shell extension 'dsv' for command environment
[0.708s] DEBUG:colcon.colcon_core.event_handler.log_command:Invoking command in '/home/sonystark/smart_turtle_ws/src/smart_turtle_ws': PYTHONPATH=/home/sonystark/smart_turtle_ws/build/smart_turtle_ws/prefix_override:/usr/lib/python3/dist-packages/colcon_core/task/python/colcon_distutils_commands:/home/sonystark/smart_turtle_ws/install/smart_turtle_ws/lib/python3.10/site-packages:${PYTHONPATH} /usr/bin/python3 -W ignore:setup.py install is deprecated -W ignore:easy_install command is deprecated setup.py egg_info --egg-base ../../build/smart_turtle_ws build --build-base /home/sonystark/smart_turtle_ws/build/smart_turtle_ws/build install --record /home/sonystark/smart_turtle_ws/build/smart_turtle_ws/install.log --single-version-externally-managed install_data
[0.918s] DEBUG:colcon.colcon_core.event_handler.log_command:Invoked command in '/home/sonystark/smart_turtle_ws/src/smart_turtle_ws' returned '0': PYTHONPATH=/home/sonystark/smart_turtle_ws/build/smart_turtle_ws/prefix_override:/usr/lib/python3/dist-packages/colcon_core/task/python/colcon_distutils_commands:/home/sonystark/smart_turtle_ws/install/smart_turtle_ws/lib/python3.10/site-packages:${PYTHONPATH} /usr/bin/python3 -W ignore:setup.py install is deprecated -W ignore:easy_install command is deprecated setup.py egg_info --egg-base ../../build/smart_turtle_ws build --build-base /home/sonystark/smart_turtle_ws/build/smart_turtle_ws/build install --record /home/sonystark/smart_turtle_ws/build/smart_turtle_ws/install.log --single-version-externally-managed install_data
[0.922s] Level 1:colcon.colcon_core.environment:checking '/home/sonystark/smart_turtle_ws/install/smart_turtle_ws' for CMake module files
[0.922s] Level 1:colcon.colcon_core.environment:checking '/home/sonystark/smart_turtle_ws/install/smart_turtle_ws' for CMake config files
[0.922s] Level 1:colcon.colcon_core.environment:checking '/home/sonystark/smart_turtle_ws/install/smart_turtle_ws/lib'
[0.922s] Level 1:colcon.colcon_core.environment:checking '/home/sonystark/smart_turtle_ws/install/smart_turtle_ws/bin'
[0.922s] Level 1:colcon.colcon_core.environment:checking '/home/sonystark/smart_turtle_ws/install/smart_turtle_ws/lib/pkgconfig/smart_turtle_ws.pc'
[0.923s] Level 1:colcon.colcon_core.environment:checking '/home/sonystark/smart_turtle_ws/install/smart_turtle_ws/lib/python3.10/site-packages'
[0.923s] Level 1:colcon.colcon_core.shell:create_environment_hook('smart_turtle_ws', 'pythonpath')
[0.923s] INFO:colcon.colcon_core.shell:Creating environment hook '/home/sonystark/smart_turtle_ws/install/smart_turtle_ws/share/smart_turtle_ws/hook/pythonpath.ps1'
[0.923s] INFO:colcon.colcon_core.shell:Creating environment descriptor '/home/sonystark/smart_turtle_ws/install/smart_turtle_ws/share/smart_turtle_ws/hook/pythonpath.dsv'
[0.923s] INFO:colcon.colcon_core.shell:Creating environment hook '/home/sonystark/smart_turtle_ws/install/smart_turtle_ws/share/smart_turtle_ws/hook/pythonpath.sh'
[0.924s] Level 1:colcon.colcon_core.environment:checking '/home/sonystark/smart_turtle_ws/install/smart_turtle_ws/bin'
[0.924s] Level 1:colcon.colcon_core.environment:create_environment_scripts_only(smart_turtle_ws)
[0.924s] INFO:colcon.colcon_core.shell:Creating package script '/home/sonystark/smart_turtle_ws/install/smart_turtle_ws/share/smart_turtle_ws/package.ps1'
[0.925s] INFO:colcon.colcon_core.shell:Creating package descriptor '/home/sonystark/smart_turtle_ws/install/smart_turtle_ws/share/smart_turtle_ws/package.dsv'
[0.926s] INFO:colcon.colcon_core.shell:Creating package script '/home/sonystark/smart_turtle_ws/install/smart_turtle_ws/share/smart_turtle_ws/package.sh'
[0.927s] INFO:colcon.colcon_core.shell:Creating package script '/home/sonystark/smart_turtle_ws/install/smart_turtle_ws/share/smart_turtle_ws/package.bash'
[0.928s] INFO:colcon.colcon_core.shell:Creating package script '/home/sonystark/smart_turtle_ws/install/smart_turtle_ws/share/smart_turtle_ws/package.zsh'
[0.928s] Level 1:colcon.colcon_core.environment:create_file_with_runtime_dependencies(/home/sonystark/smart_turtle_ws/install/smart_turtle_ws/share/colcon-core/packages/smart_turtle_ws)
[0.928s] DEBUG:colcon.colcon_parallel_executor.executor.parallel:closing loop
[0.929s] DEBUG:colcon.colcon_parallel_executor.executor.parallel:loop closed
[0.929s] DEBUG:colcon.colcon_parallel_executor.executor.parallel:run_until_complete finished with '0'
[0.929s] DEBUG:colcon.colcon_core.event_reactor:joining thread
[0.932s] INFO:colcon.colcon_core.plugin_system:Skipping extension 'colcon_notification.desktop_notification.terminal_notifier': Not used on non-Darwin systems
[0.932s] INFO:colcon.colcon_core.plugin_system:Skipping extension 'colcon_notification.desktop_notification.win32': Not used on non-Windows systems
[0.933s] INFO:colcon.colcon_notification.desktop_notification:Sending desktop notification using 'notify2'
[0.945s] DEBUG:colcon.colcon_core.event_reactor:joined thread
[0.946s] INFO:colcon.colcon_core.shell:Creating prefix script '/home/sonystark/smart_turtle_ws/install/local_setup.ps1'
[0.947s] INFO:colcon.colcon_core.shell:Creating prefix util module '/home/sonystark/smart_turtle_ws/install/_local_setup_util_ps1.py'
[0.949s] INFO:colcon.colcon_core.shell:Creating prefix chain script '/home/sonystark/smart_turtle_ws/install/setup.ps1'
[0.950s] INFO:colcon.colcon_core.shell:Creating prefix script '/home/sonystark/smart_turtle_ws/install/local_setup.sh'
[0.951s] INFO:colcon.colcon_core.shell:Creating prefix util module '/home/sonystark/smart_turtle_ws/install/_local_setup_util_sh.py'
[0.952s] INFO:colcon.colcon_core.shell:Creating prefix chain script '/home/sonystark/smart_turtle_ws/install/setup.sh'
[0.954s] INFO:colcon.colcon_core.shell:Creating prefix script '/home/sonystark/smart_turtle_ws/install/local_setup.bash'
[0.955s] INFO:colcon.colcon_core.shell:Creating prefix chain script '/home/sonystark/smart_turtle_ws/install/setup.bash'
[0.956s] INFO:colcon.colcon_core.shell:Creating prefix script '/home/sonystark/smart_turtle_ws/install/local_setup.zsh'
[0.957s] INFO:colcon.colcon_core.shell:Creating prefix chain script '/home/sonystark/smart_turtle_ws/install/setup.zsh'
